<?xml version="1.0" encoding="UTF-8"?>
<!-- Generated by org.testng.reporters.JUnitReportReporter -->
<testsuite hostname="Kiran" failures="0" tests="1" name="testNg.ToCreateContactsWithOrganizationForGroup" time="17.148" errors="0" timestamp="2024-02-24T22:15:50 IST" skipped="0">
  <testcase classname="testNg.ToCreateContactsWithOrganizationForGroup" name="createContactWithOrganizationTest" time="17.148">
    <system-out>
      <![CDATA[Successfully created contact]]>
    </system-out>
  </testcase> <!-- createContactWithOrganizationTest -->
  <system-out>
    <![CDATA[Successfully created contact]]>
  </system-out>
</testsuite> <!-- testNg.ToCreateContactsWithOrganizationForGroup -->
