<?xml version="1.0" encoding="UTF-8"?>
<!-- Generated by org.testng.reporters.JUnitReportReporter -->
<testsuite hostname="Kiran" failures="0" tests="1" name="testNg.ToCreateContactWithOrganizationTest" time="12.765" errors="0" timestamp="2024-02-29T10:50:04 IST" skipped="0">
  <testcase classname="testNg.ToCreateContactWithOrganizationTest" name="createContactWithOrganizationTest" time="12.765">
    <system-out>
      <![CDATA[Successfully created contact]]>
    </system-out>
  </testcase> <!-- createContactWithOrganizationTest -->
  <system-out>
    <![CDATA[---DataBase connection Successfull---
Successfully created contact]]>
  </system-out>
</testsuite> <!-- testNg.ToCreateContactWithOrganizationTest -->
