<?xml version="1.0" encoding="UTF-8"?>
<!-- Generated by org.testng.reporters.JUnitReportReporter -->
<testsuite hostname="Kiran" failures="0" tests="1" name="testNg.DemoScriptWithBaseClass" time="16.066" errors="0" timestamp="2024-02-11T18:06:17 IST" skipped="0">
  <testcase classname="testNg.DemoScriptWithBaseClass" name="toCreateContactTest" time="16.066">
    <system-out>
      <![CDATA[Contact Created Successfully]]>
    </system-out>
  </testcase> <!-- toCreateContactTest -->
  <system-out>
    <![CDATA[---DataBase connection Successfull---
Contact Created Successfully]]>
  </system-out>
</testsuite> <!-- testNg.DemoScriptWithBaseClass -->
