<?xml version="1.0" encoding="UTF-8"?>
<!-- Generated by org.testng.reporters.JUnitReportReporter -->
<testsuite hostname="Kiran" failures="0" tests="1" name="testNg.DemoScriptWithTestNg" time="19.719" errors="0" timestamp="2024-02-11T16:55:23 IST" skipped="0">
  <testcase classname="testNg.DemoScriptWithTestNg" name="toCreateContact" time="19.719">
    <system-out>
      <![CDATA[Contact Created Successfully]]>
    </system-out>
  </testcase> <!-- toCreateContact -->
  <system-out>
    <![CDATA[Contact Created Successfully]]>
  </system-out>
</testsuite> <!-- testNg.DemoScriptWithTestNg -->
